19-12-2012-15-57-42    process to monitor : 7047
19-12-2012-15-57-42    created output files
19-12-2012-15-57-42    wrote header to output files
19-12-2012-15-57-42    going sleep : 1
19-12-2012-15-57-43    going sleep : 1
19-12-2012-15-57-44    going sleep : 1
19-12-2012-15-57-45    going sleep : 1
19-12-2012-15-57-46    going sleep : 1
19-12-2012-15-57-47    going sleep : 1
19-12-2012-15-57-48    going sleep : 1
19-12-2012-15-57-49    going sleep : 1
19-12-2012-15-57-51    going sleep : 1
19-12-2012-15-57-52    going sleep : 1
19-12-2012-15-57-53    going sleep : 1
19-12-2012-15-57-54    going sleep : 1
19-12-2012-15-57-55    going sleep : 1
19-12-2012-15-57-56    going sleep : 1
19-12-2012-15-57-57    going sleep : 1
19-12-2012-15-57-58    going sleep : 1
19-12-2012-15-57-59    going sleep : 1
19-12-2012-15-58-00    going sleep : 1
19-12-2012-15-58-01    going sleep : 1
19-12-2012-15-58-02    process to monitor stopped
19-12-2012-15-58-02    wrote ending of output files
19-12-2012-15-58-02    -----------------------------
19-12-2012-15-58-02    -----------------------------
19-12-2012-15-59-29    process to monitor : 7790
19-12-2012-15-59-29    created output files
19-12-2012-15-59-29    wrote header to output files
19-12-2012-15-59-29    going sleep : 1
19-12-2012-15-59-30    going sleep : 1
19-12-2012-15-59-31    going sleep : 1
19-12-2012-15-59-32    going sleep : 1
19-12-2012-15-59-33    going sleep : 1
19-12-2012-15-59-34    going sleep : 1
19-12-2012-15-59-35    going sleep : 1
19-12-2012-15-59-36    going sleep : 1
19-12-2012-15-59-37    going sleep : 1
19-12-2012-15-59-38    going sleep : 1
19-12-2012-15-59-39    going sleep : 1
19-12-2012-15-59-40    going sleep : 1
19-12-2012-15-59-41    going sleep : 1
19-12-2012-15-59-43    going sleep : 1
19-12-2012-15-59-44    going sleep : 1
19-12-2012-15-59-45    going sleep : 1
19-12-2012-15-59-46    going sleep : 1
19-12-2012-15-59-47    going sleep : 1
19-12-2012-15-59-48    going sleep : 1
19-12-2012-15-59-49    process to monitor stopped
19-12-2012-15-59-49    wrote ending of output files
19-12-2012-15-59-49    -----------------------------
19-12-2012-15-59-49    -----------------------------
19-12-2012-16-01-16    process to monitor : 8530
19-12-2012-16-01-16    created output files
19-12-2012-16-01-16    wrote header to output files
19-12-2012-16-01-16    going sleep : 1
19-12-2012-16-01-18    going sleep : 1
19-12-2012-16-01-19    process to monitor stopped
19-12-2012-16-01-19    wrote ending of output files
19-12-2012-16-01-19    -----------------------------
19-12-2012-16-01-19    -----------------------------
