19-12-2012-16-04-28    process to monitor : 8786
19-12-2012-16-04-28    created output files
19-12-2012-16-04-28    wrote header to output files
19-12-2012-16-04-28    going sleep : 1
19-12-2012-16-04-29    going sleep : 1
19-12-2012-16-04-30    going sleep : 1
19-12-2012-16-04-31    going sleep : 1
19-12-2012-16-04-33    going sleep : 1
19-12-2012-16-04-34    going sleep : 1
19-12-2012-16-04-35    going sleep : 1
19-12-2012-16-04-36    going sleep : 1
19-12-2012-16-04-37    going sleep : 1
19-12-2012-16-04-39    going sleep : 1
19-12-2012-16-04-40    going sleep : 1
19-12-2012-16-04-41    going sleep : 1
19-12-2012-16-04-42    going sleep : 1
19-12-2012-16-04-43    going sleep : 1
19-12-2012-16-04-45    going sleep : 1
19-12-2012-16-04-46    going sleep : 1
19-12-2012-16-04-47    going sleep : 1
19-12-2012-16-04-48    going sleep : 1
19-12-2012-16-04-50    going sleep : 1
19-12-2012-16-04-51    going sleep : 1
19-12-2012-16-04-52    going sleep : 1
19-12-2012-16-04-53    going sleep : 1
19-12-2012-16-04-54    going sleep : 1
19-12-2012-16-04-56    going sleep : 1
19-12-2012-16-04-57    going sleep : 1
19-12-2012-16-04-58    going sleep : 1
19-12-2012-16-04-59    going sleep : 1
19-12-2012-16-05-01    going sleep : 1
19-12-2012-16-05-02    going sleep : 1
19-12-2012-16-05-03    going sleep : 1
19-12-2012-16-05-04    going sleep : 1
19-12-2012-16-05-05    going sleep : 1
19-12-2012-16-05-06    going sleep : 1
19-12-2012-16-05-08    going sleep : 1
19-12-2012-16-05-09    going sleep : 1
19-12-2012-16-05-10    going sleep : 1
19-12-2012-16-05-11    going sleep : 1
19-12-2012-16-05-13    going sleep : 1
19-12-2012-16-05-14    going sleep : 1
19-12-2012-16-05-15    going sleep : 1
19-12-2012-16-05-16    going sleep : 1
19-12-2012-16-05-18    going sleep : 1
19-12-2012-16-05-19    going sleep : 1
19-12-2012-16-05-20    going sleep : 1
19-12-2012-16-05-21    going sleep : 1
19-12-2012-16-05-22    going sleep : 1
19-12-2012-16-05-24    going sleep : 1
19-12-2012-16-05-25    going sleep : 1
19-12-2012-16-05-26    going sleep : 1
19-12-2012-16-05-27    going sleep : 1
19-12-2012-16-05-28    going sleep : 1
19-12-2012-16-05-30    going sleep : 1
19-12-2012-16-05-31    going sleep : 1
19-12-2012-16-05-32    going sleep : 1
19-12-2012-16-05-33    going sleep : 1
19-12-2012-16-05-34    going sleep : 1
19-12-2012-16-05-36    going sleep : 1
19-12-2012-16-05-37    going sleep : 1
19-12-2012-16-05-38    going sleep : 1
19-12-2012-16-05-39    going sleep : 1
19-12-2012-16-05-41    going sleep : 1
19-12-2012-16-05-42    going sleep : 1
19-12-2012-16-05-43    going sleep : 1
19-12-2012-16-05-44    going sleep : 1
19-12-2012-16-05-45    going sleep : 1
19-12-2012-16-05-47    going sleep : 1
19-12-2012-16-05-48    going sleep : 1
19-12-2012-16-05-49    going sleep : 1
19-12-2012-16-05-50    going sleep : 1
19-12-2012-16-05-52    going sleep : 1
19-12-2012-16-05-53    going sleep : 1
19-12-2012-16-05-54    going sleep : 1
19-12-2012-16-05-55    going sleep : 1
19-12-2012-16-05-56    going sleep : 1
19-12-2012-16-05-58    going sleep : 1
19-12-2012-16-05-59    going sleep : 1
19-12-2012-16-06-00    going sleep : 1
19-12-2012-16-06-01    going sleep : 1
19-12-2012-16-06-03    going sleep : 1
19-12-2012-16-06-04    going sleep : 1
19-12-2012-16-06-05    going sleep : 1
19-12-2012-16-06-06    going sleep : 1
19-12-2012-16-06-08    going sleep : 1
19-12-2012-16-06-09    going sleep : 1
19-12-2012-16-06-10    going sleep : 1
19-12-2012-16-06-11    going sleep : 1
19-12-2012-16-06-12    going sleep : 1
19-12-2012-16-06-14    going sleep : 1
19-12-2012-16-06-15    going sleep : 1
19-12-2012-16-06-16    going sleep : 1
19-12-2012-16-06-17    going sleep : 1
19-12-2012-16-06-19    going sleep : 1
19-12-2012-16-06-20    going sleep : 1
19-12-2012-16-06-21    going sleep : 1
19-12-2012-16-06-22    going sleep : 1
19-12-2012-16-06-23    going sleep : 1
19-12-2012-16-06-25    going sleep : 1
19-12-2012-16-06-26    going sleep : 1
19-12-2012-16-06-27    going sleep : 1
19-12-2012-16-06-28    going sleep : 1
19-12-2012-16-06-29    going sleep : 1
19-12-2012-16-06-30    going sleep : 1
19-12-2012-16-06-31    going sleep : 1
19-12-2012-16-06-33    going sleep : 1
19-12-2012-16-06-34    going sleep : 1
19-12-2012-16-06-35    going sleep : 1
19-12-2012-16-06-36    going sleep : 1
19-12-2012-16-06-37    going sleep : 1
19-12-2012-16-06-39    going sleep : 1
19-12-2012-16-06-40    going sleep : 1
19-12-2012-16-06-41    going sleep : 1
19-12-2012-16-06-42    going sleep : 1
19-12-2012-16-06-43    going sleep : 1
19-12-2012-16-06-45    going sleep : 1
19-12-2012-16-06-46    going sleep : 1
19-12-2012-16-06-47    going sleep : 1
19-12-2012-16-06-48    going sleep : 1
19-12-2012-16-06-49    going sleep : 1
19-12-2012-16-06-51    going sleep : 1
19-12-2012-16-06-52    going sleep : 1
19-12-2012-16-06-53    going sleep : 1
19-12-2012-16-06-54    going sleep : 1
19-12-2012-16-06-55    going sleep : 1
19-12-2012-16-06-57    going sleep : 1
19-12-2012-16-06-58    going sleep : 1
19-12-2012-16-06-59    going sleep : 1
19-12-2012-16-07-00    going sleep : 1
19-12-2012-16-07-01    going sleep : 1
19-12-2012-16-07-03    going sleep : 1
19-12-2012-16-07-04    going sleep : 1
19-12-2012-16-07-05    going sleep : 1
19-12-2012-16-07-06    going sleep : 1
19-12-2012-16-07-07    going sleep : 1
19-12-2012-16-07-08    going sleep : 1
19-12-2012-16-07-10    going sleep : 1
19-12-2012-16-07-11    going sleep : 1
19-12-2012-16-07-12    going sleep : 1
19-12-2012-16-07-13    going sleep : 1
19-12-2012-16-07-14    going sleep : 1
19-12-2012-16-07-16    going sleep : 1
19-12-2012-16-07-17    going sleep : 1
19-12-2012-16-07-18    going sleep : 1
19-12-2012-16-07-19    going sleep : 1
19-12-2012-16-07-20    going sleep : 1
19-12-2012-16-07-22    going sleep : 1
19-12-2012-16-07-23    going sleep : 1
19-12-2012-16-07-24    going sleep : 1
19-12-2012-16-07-25    going sleep : 1
19-12-2012-16-07-26    going sleep : 1
19-12-2012-16-07-27    going sleep : 1
19-12-2012-16-07-29    going sleep : 1
19-12-2012-16-07-30    going sleep : 1
19-12-2012-16-07-31    going sleep : 1
19-12-2012-16-07-32    going sleep : 1
19-12-2012-16-07-33    going sleep : 1
19-12-2012-16-07-35    going sleep : 1
19-12-2012-16-07-36    going sleep : 1
19-12-2012-16-07-37    going sleep : 1
19-12-2012-16-07-38    going sleep : 1
19-12-2012-16-07-39    going sleep : 1
19-12-2012-16-07-40    going sleep : 1
19-12-2012-16-07-41    going sleep : 1
19-12-2012-16-07-42    going sleep : 1
19-12-2012-16-07-43    going sleep : 1
19-12-2012-16-07-44    going sleep : 1
19-12-2012-16-07-46    going sleep : 1
19-12-2012-16-07-47    going sleep : 1
19-12-2012-16-07-48    going sleep : 1
19-12-2012-16-07-49    going sleep : 1
19-12-2012-16-07-50    process to monitor stopped
19-12-2012-16-07-50    wrote ending of output files
19-12-2012-16-07-50    -----------------------------
19-12-2012-16-07-50    -----------------------------
19-12-2012-16-08-57    process to monitor : 18755
19-12-2012-16-08-57    created output files
19-12-2012-16-08-57    wrote header to output files
19-12-2012-16-08-57    going sleep : 1
19-12-2012-16-08-58    going sleep : 1
19-12-2012-16-08-59    going sleep : 1
19-12-2012-16-09-00    going sleep : 1
19-12-2012-16-09-01    going sleep : 1
19-12-2012-16-09-02    going sleep : 1
19-12-2012-16-09-03    going sleep : 1
19-12-2012-16-09-05    going sleep : 1
19-12-2012-16-09-06    going sleep : 1
19-12-2012-16-09-07    going sleep : 1
19-12-2012-16-09-08    going sleep : 1
19-12-2012-16-09-09    going sleep : 1
19-12-2012-16-09-10    going sleep : 1
19-12-2012-16-09-12    going sleep : 1
19-12-2012-16-09-13    going sleep : 1
19-12-2012-16-09-14    going sleep : 1
19-12-2012-16-09-15    going sleep : 1
19-12-2012-16-09-16    going sleep : 1
19-12-2012-16-09-18    going sleep : 1
19-12-2012-16-09-19    going sleep : 1
19-12-2012-16-09-20    going sleep : 1
19-12-2012-16-09-21    going sleep : 1
19-12-2012-16-09-22    going sleep : 1
19-12-2012-16-09-24    going sleep : 1
19-12-2012-16-09-25    going sleep : 1
19-12-2012-16-09-26    going sleep : 1
19-12-2012-16-09-27    going sleep : 1
19-12-2012-16-09-28    going sleep : 1
19-12-2012-16-09-30    going sleep : 1
19-12-2012-16-09-31    going sleep : 1
19-12-2012-16-09-32    going sleep : 1
19-12-2012-16-09-33    going sleep : 1
19-12-2012-16-09-34    going sleep : 1
19-12-2012-16-09-36    going sleep : 1
19-12-2012-16-09-37    going sleep : 1
19-12-2012-16-09-38    going sleep : 1
19-12-2012-16-09-39    going sleep : 1
19-12-2012-16-09-40    going sleep : 1
19-12-2012-16-09-42    going sleep : 1
19-12-2012-16-09-43    going sleep : 1
19-12-2012-16-09-44    going sleep : 1
19-12-2012-16-09-45    going sleep : 1
19-12-2012-16-09-46    going sleep : 1
19-12-2012-16-09-48    going sleep : 1
19-12-2012-16-09-49    going sleep : 1
19-12-2012-16-09-50    going sleep : 1
19-12-2012-16-09-51    going sleep : 1
19-12-2012-16-09-52    going sleep : 1
19-12-2012-16-09-54    going sleep : 1
19-12-2012-16-09-55    going sleep : 1
19-12-2012-16-09-56    going sleep : 1
19-12-2012-16-09-57    going sleep : 1
19-12-2012-16-09-58    going sleep : 1
19-12-2012-16-10-00    going sleep : 1
19-12-2012-16-10-01    going sleep : 1
19-12-2012-16-10-02    going sleep : 1
19-12-2012-16-10-03    going sleep : 1
19-12-2012-16-10-04    going sleep : 1
19-12-2012-16-10-05    going sleep : 1
19-12-2012-16-10-07    going sleep : 1
19-12-2012-16-10-08    going sleep : 1
19-12-2012-16-10-09    going sleep : 1
19-12-2012-16-10-10    going sleep : 1
19-12-2012-16-10-11    going sleep : 1
19-12-2012-16-10-13    going sleep : 1
19-12-2012-16-10-14    going sleep : 1
19-12-2012-16-10-15    going sleep : 1
19-12-2012-16-10-16    going sleep : 1
19-12-2012-16-10-17    going sleep : 1
19-12-2012-16-10-18    going sleep : 1
19-12-2012-16-10-20    going sleep : 1
19-12-2012-16-10-21    going sleep : 1
19-12-2012-16-10-22    going sleep : 1
19-12-2012-16-10-23    going sleep : 1
19-12-2012-16-10-24    going sleep : 1
19-12-2012-16-10-26    going sleep : 1
19-12-2012-16-10-27    going sleep : 1
19-12-2012-16-10-28    going sleep : 1
19-12-2012-16-10-29    going sleep : 1
19-12-2012-16-10-30    going sleep : 1
19-12-2012-16-10-31    going sleep : 1
19-12-2012-16-10-33    going sleep : 1
19-12-2012-16-10-34    going sleep : 1
19-12-2012-16-10-35    going sleep : 1
19-12-2012-16-10-36    going sleep : 1
19-12-2012-16-10-38    going sleep : 1
19-12-2012-16-10-39    going sleep : 1
19-12-2012-16-10-40    going sleep : 1
19-12-2012-16-10-41    going sleep : 1
19-12-2012-16-10-42    going sleep : 1
19-12-2012-16-10-43    going sleep : 1
19-12-2012-16-10-45    going sleep : 1
19-12-2012-16-10-46    going sleep : 1
19-12-2012-16-10-47    going sleep : 1
19-12-2012-16-10-48    going sleep : 1
19-12-2012-16-10-49    going sleep : 1
19-12-2012-16-10-51    going sleep : 1
19-12-2012-16-10-52    going sleep : 1
19-12-2012-16-10-53    going sleep : 1
19-12-2012-16-10-54    going sleep : 1
19-12-2012-16-10-55    going sleep : 1
19-12-2012-16-10-56    going sleep : 1
19-12-2012-16-10-58    going sleep : 1
19-12-2012-16-10-59    going sleep : 1
19-12-2012-16-11-00    going sleep : 1
19-12-2012-16-11-01    going sleep : 1
19-12-2012-16-11-02    going sleep : 1
19-12-2012-16-11-03    going sleep : 1
19-12-2012-16-11-05    going sleep : 1
19-12-2012-16-11-06    going sleep : 1
19-12-2012-16-11-07    going sleep : 1
19-12-2012-16-11-08    going sleep : 1
19-12-2012-16-11-09    going sleep : 1
19-12-2012-16-11-10    going sleep : 1
19-12-2012-16-11-12    going sleep : 1
19-12-2012-16-11-13    going sleep : 1
19-12-2012-16-11-14    going sleep : 1
19-12-2012-16-11-15    going sleep : 1
19-12-2012-16-11-16    going sleep : 1
19-12-2012-16-11-17    going sleep : 1
19-12-2012-16-11-19    going sleep : 1
19-12-2012-16-11-20    going sleep : 1
19-12-2012-16-11-21    going sleep : 1
19-12-2012-16-11-22    going sleep : 1
19-12-2012-16-11-23    going sleep : 1
19-12-2012-16-11-25    going sleep : 1
19-12-2012-16-11-26    going sleep : 1
19-12-2012-16-11-27    going sleep : 1
19-12-2012-16-11-28    going sleep : 1
19-12-2012-16-11-29    going sleep : 1
19-12-2012-16-11-30    going sleep : 1
19-12-2012-16-11-32    going sleep : 1
19-12-2012-16-11-33    going sleep : 1
19-12-2012-16-11-34    going sleep : 1
19-12-2012-16-11-35    going sleep : 1
19-12-2012-16-11-36    going sleep : 1
19-12-2012-16-11-37    going sleep : 1
19-12-2012-16-11-39    going sleep : 1
19-12-2012-16-11-40    going sleep : 1
19-12-2012-16-11-41    going sleep : 1
19-12-2012-16-11-42    going sleep : 1
19-12-2012-16-11-44    going sleep : 1
19-12-2012-16-11-45    going sleep : 1
19-12-2012-16-11-46    going sleep : 1
19-12-2012-16-11-47    going sleep : 1
19-12-2012-16-11-48    going sleep : 1
19-12-2012-16-11-49    going sleep : 1
19-12-2012-16-11-51    going sleep : 1
19-12-2012-16-11-52    going sleep : 1
19-12-2012-16-11-53    going sleep : 1
19-12-2012-16-11-54    going sleep : 1
19-12-2012-16-11-55    going sleep : 1
19-12-2012-16-11-56    going sleep : 1
19-12-2012-16-11-58    going sleep : 1
19-12-2012-16-11-59    going sleep : 1
19-12-2012-16-12-00    going sleep : 1
19-12-2012-16-12-01    going sleep : 1
19-12-2012-16-12-02    going sleep : 1
19-12-2012-16-12-03    going sleep : 1
19-12-2012-16-12-04    going sleep : 1
19-12-2012-16-12-05    going sleep : 1
19-12-2012-16-12-06    process to monitor stopped
19-12-2012-16-12-06    wrote ending of output files
19-12-2012-16-12-06    -----------------------------
19-12-2012-16-12-06    -----------------------------
19-12-2012-16-13-21    process to monitor : 27942
19-12-2012-16-13-21    created output files
19-12-2012-16-13-21    wrote header to output files
19-12-2012-16-13-21    going sleep : 1
19-12-2012-16-13-22    going sleep : 1
19-12-2012-16-13-23    going sleep : 1
19-12-2012-16-13-24    process to monitor stopped
19-12-2012-16-13-24    wrote ending of output files
19-12-2012-16-13-24    -----------------------------
19-12-2012-16-13-24    -----------------------------
