19-12-2012-16-16-01    process to monitor : 28202
19-12-2012-16-16-01    created output files
19-12-2012-16-16-01    wrote header to output files
19-12-2012-16-16-01    going sleep : 1
19-12-2012-16-16-02    going sleep : 1
19-12-2012-16-16-03    going sleep : 1
19-12-2012-16-16-05    going sleep : 1
19-12-2012-16-16-06    going sleep : 1
19-12-2012-16-16-07    going sleep : 1
19-12-2012-16-16-08    going sleep : 1
19-12-2012-16-16-09    going sleep : 1
19-12-2012-16-16-10    going sleep : 1
19-12-2012-16-16-11    going sleep : 1
19-12-2012-16-16-12    going sleep : 1
19-12-2012-16-16-14    going sleep : 1
19-12-2012-16-16-15    process to monitor stopped
19-12-2012-16-16-15    wrote ending of output files
19-12-2012-16-16-15    -----------------------------
19-12-2012-16-16-15    -----------------------------
19-12-2012-16-17-15    process to monitor : 28818
19-12-2012-16-17-15    created output files
19-12-2012-16-17-15    wrote header to output files
19-12-2012-16-17-15    going sleep : 1
19-12-2012-16-17-16    going sleep : 1
19-12-2012-16-17-17    going sleep : 1
19-12-2012-16-17-18    going sleep : 1
19-12-2012-16-17-20    going sleep : 1
19-12-2012-16-17-21    going sleep : 1
19-12-2012-16-17-22    going sleep : 1
19-12-2012-16-17-23    going sleep : 1
19-12-2012-16-17-24    going sleep : 1
19-12-2012-16-17-25    going sleep : 1
19-12-2012-16-17-27    going sleep : 1
19-12-2012-16-17-29    going sleep : 1
19-12-2012-16-17-30    going sleep : 1
19-12-2012-16-17-31    going sleep : 1
19-12-2012-16-17-32    going sleep : 1
19-12-2012-16-17-33    going sleep : 1
19-12-2012-16-17-34    going sleep : 1
19-12-2012-16-17-35    going sleep : 1
19-12-2012-16-17-36    going sleep : 1
19-12-2012-16-17-37    going sleep : 1
19-12-2012-16-17-38    going sleep : 1
19-12-2012-16-17-39    going sleep : 1
19-12-2012-16-17-41    going sleep : 1
19-12-2012-16-17-42    going sleep : 1
19-12-2012-16-17-43    going sleep : 1
19-12-2012-16-17-44    going sleep : 1
19-12-2012-16-17-45    going sleep : 1
19-12-2012-16-17-46    going sleep : 1
19-12-2012-16-17-47    process to monitor stopped
19-12-2012-16-17-47    wrote ending of output files
19-12-2012-16-17-47    -----------------------------
19-12-2012-16-17-47    -----------------------------
19-12-2012-16-18-57    process to monitor : 29795
19-12-2012-16-18-58    created output files
19-12-2012-16-18-58    wrote header to output files
19-12-2012-16-18-58    going sleep : 1
19-12-2012-16-18-59    going sleep : 1
19-12-2012-16-19-00    going sleep : 1
19-12-2012-16-19-01    going sleep : 1
19-12-2012-16-19-02    going sleep : 1
19-12-2012-16-19-03    going sleep : 1
19-12-2012-16-19-04    going sleep : 1
19-12-2012-16-19-05    going sleep : 1
19-12-2012-16-19-06    going sleep : 1
19-12-2012-16-19-07    going sleep : 1
19-12-2012-16-19-08    going sleep : 1
19-12-2012-16-19-09    going sleep : 1
19-12-2012-16-19-11    going sleep : 1
19-12-2012-16-19-12    going sleep : 1
19-12-2012-16-19-13    going sleep : 1
19-12-2012-16-19-14    going sleep : 1
19-12-2012-16-19-15    going sleep : 1
19-12-2012-16-19-16    going sleep : 1
19-12-2012-16-19-17    process to monitor stopped
19-12-2012-16-19-17    wrote ending of output files
19-12-2012-16-19-17    -----------------------------
19-12-2012-16-19-17    -----------------------------
19-12-2012-16-20-33    process to monitor : 30501
19-12-2012-16-20-33    created output files
19-12-2012-16-20-33    wrote header to output files
19-12-2012-16-20-33    going sleep : 1
19-12-2012-16-20-34    going sleep : 1
19-12-2012-16-20-35    process to monitor stopped
19-12-2012-16-20-35    wrote ending of output files
19-12-2012-16-20-35    -----------------------------
19-12-2012-16-20-35    -----------------------------
