19-12-2012-15-45-55    process to monitor : 27695
19-12-2012-15-45-55    created output files
19-12-2012-15-45-55    wrote header to output files
19-12-2012-15-45-55    going sleep : 1
19-12-2012-15-45-56    going sleep : 1
19-12-2012-15-45-57    going sleep : 1
19-12-2012-15-45-58    going sleep : 1
19-12-2012-15-45-59    going sleep : 1
19-12-2012-15-46-00    going sleep : 1
19-12-2012-15-46-01    going sleep : 1
19-12-2012-15-46-03    going sleep : 1
19-12-2012-15-46-04    going sleep : 1
19-12-2012-15-46-05    going sleep : 1
19-12-2012-15-46-06    going sleep : 1
19-12-2012-15-46-07    going sleep : 1
19-12-2012-15-46-08    going sleep : 1
19-12-2012-15-46-09    going sleep : 1
19-12-2012-15-46-10    going sleep : 1
19-12-2012-15-46-11    going sleep : 1
19-12-2012-15-46-12    going sleep : 1
19-12-2012-15-46-13    going sleep : 1
19-12-2012-15-46-14    going sleep : 1
19-12-2012-15-46-15    going sleep : 1
19-12-2012-15-46-17    going sleep : 1
19-12-2012-15-46-18    going sleep : 1
19-12-2012-15-46-19    going sleep : 1
19-12-2012-15-46-20    going sleep : 1
19-12-2012-15-46-21    going sleep : 1
19-12-2012-15-46-22    going sleep : 1
19-12-2012-15-46-23    going sleep : 1
19-12-2012-15-46-24    going sleep : 1
19-12-2012-15-46-25    going sleep : 1
19-12-2012-15-46-27    going sleep : 1
19-12-2012-15-46-28    going sleep : 1
19-12-2012-15-46-29    going sleep : 1
19-12-2012-15-46-30    going sleep : 1
19-12-2012-15-46-31    going sleep : 1
19-12-2012-15-46-32    going sleep : 1
19-12-2012-15-46-33    going sleep : 1
19-12-2012-15-46-34    going sleep : 1
19-12-2012-15-46-35    going sleep : 1
19-12-2012-15-46-37    going sleep : 1
19-12-2012-15-46-38    going sleep : 1
19-12-2012-15-46-39    going sleep : 1
19-12-2012-15-46-40    going sleep : 1
19-12-2012-15-46-41    going sleep : 1
19-12-2012-15-46-42    going sleep : 1
19-12-2012-15-46-43    going sleep : 1
19-12-2012-15-46-44    going sleep : 1
19-12-2012-15-46-45    going sleep : 1
19-12-2012-15-46-46    going sleep : 1
19-12-2012-15-46-47    going sleep : 1
19-12-2012-15-46-48    going sleep : 1
19-12-2012-15-46-50    going sleep : 1
19-12-2012-15-46-51    going sleep : 1
19-12-2012-15-46-52    going sleep : 1
19-12-2012-15-46-53    going sleep : 1
19-12-2012-15-46-54    going sleep : 1
19-12-2012-15-46-55    going sleep : 1
19-12-2012-15-46-56    going sleep : 1
19-12-2012-15-46-57    going sleep : 1
19-12-2012-15-46-58    going sleep : 1
19-12-2012-15-46-59    going sleep : 1
19-12-2012-15-47-01    going sleep : 1
19-12-2012-15-47-02    going sleep : 1
19-12-2012-15-47-03    going sleep : 1
19-12-2012-15-47-04    going sleep : 1
19-12-2012-15-47-05    going sleep : 1
19-12-2012-15-47-06    going sleep : 1
19-12-2012-15-47-07    going sleep : 1
19-12-2012-15-47-08    going sleep : 1
19-12-2012-15-47-09    going sleep : 1
19-12-2012-15-47-10    going sleep : 1
19-12-2012-15-47-12    going sleep : 1
19-12-2012-15-47-13    going sleep : 1
19-12-2012-15-47-14    going sleep : 1
19-12-2012-15-47-15    going sleep : 1
19-12-2012-15-47-16    going sleep : 1
19-12-2012-15-47-17    going sleep : 1
19-12-2012-15-47-18    going sleep : 1
19-12-2012-15-47-19    going sleep : 1
19-12-2012-15-47-20    going sleep : 1
19-12-2012-15-47-21    going sleep : 1
19-12-2012-15-47-22    going sleep : 1
19-12-2012-15-47-24    going sleep : 1
19-12-2012-15-47-25    going sleep : 1
19-12-2012-15-47-26    going sleep : 1
19-12-2012-15-47-27    going sleep : 1
19-12-2012-15-47-28    going sleep : 1
19-12-2012-15-47-29    going sleep : 1
19-12-2012-15-47-30    going sleep : 1
19-12-2012-15-47-32    going sleep : 1
19-12-2012-15-47-33    going sleep : 1
19-12-2012-15-47-34    going sleep : 1
19-12-2012-15-47-35    going sleep : 1
19-12-2012-15-47-36    going sleep : 1
19-12-2012-15-47-37    going sleep : 1
19-12-2012-15-47-38    going sleep : 1
19-12-2012-15-47-39    going sleep : 1
19-12-2012-15-47-40    going sleep : 1
19-12-2012-15-47-41    going sleep : 1
19-12-2012-15-47-42    going sleep : 1
19-12-2012-15-47-43    going sleep : 1
19-12-2012-15-47-44    going sleep : 1
19-12-2012-15-47-46    going sleep : 1
19-12-2012-15-47-47    going sleep : 1
19-12-2012-15-47-48    going sleep : 1
19-12-2012-15-47-49    going sleep : 1
19-12-2012-15-47-50    going sleep : 1
19-12-2012-15-47-51    going sleep : 1
19-12-2012-15-47-52    going sleep : 1
19-12-2012-15-47-53    going sleep : 1
19-12-2012-15-47-54    going sleep : 1
19-12-2012-15-47-55    going sleep : 1
19-12-2012-15-47-56    going sleep : 1
19-12-2012-15-47-57    going sleep : 1
19-12-2012-15-47-59    going sleep : 1
19-12-2012-15-48-00    going sleep : 1
19-12-2012-15-48-01    going sleep : 1
19-12-2012-15-48-02    going sleep : 1
19-12-2012-15-48-03    going sleep : 1
19-12-2012-15-48-04    going sleep : 1
19-12-2012-15-48-06    going sleep : 1
19-12-2012-15-48-07    going sleep : 1
19-12-2012-15-48-08    going sleep : 1
19-12-2012-15-48-09    going sleep : 1
19-12-2012-15-48-10    going sleep : 1
19-12-2012-15-48-11    going sleep : 1
19-12-2012-15-48-12    going sleep : 1
19-12-2012-15-48-13    going sleep : 1
19-12-2012-15-48-14    going sleep : 1
19-12-2012-15-48-15    going sleep : 1
19-12-2012-15-48-16    going sleep : 1
19-12-2012-15-48-17    going sleep : 1
19-12-2012-15-48-18    going sleep : 1
19-12-2012-15-48-20    going sleep : 1
19-12-2012-15-48-21    going sleep : 1
19-12-2012-15-48-22    going sleep : 1
19-12-2012-15-48-23    going sleep : 1
19-12-2012-15-48-24    going sleep : 1
19-12-2012-15-48-25    going sleep : 1
19-12-2012-15-48-26    going sleep : 1
19-12-2012-15-48-27    going sleep : 1
19-12-2012-15-48-28    going sleep : 1
19-12-2012-15-48-29    going sleep : 1
19-12-2012-15-48-31    going sleep : 1
19-12-2012-15-48-32    going sleep : 1
19-12-2012-15-48-33    going sleep : 1
19-12-2012-15-48-34    going sleep : 1
19-12-2012-15-48-35    going sleep : 1
19-12-2012-15-48-36    going sleep : 1
19-12-2012-15-48-37    going sleep : 1
19-12-2012-15-48-38    going sleep : 1
19-12-2012-15-48-40    going sleep : 1
19-12-2012-15-48-41    going sleep : 1
19-12-2012-15-48-42    going sleep : 1
19-12-2012-15-48-43    going sleep : 1
19-12-2012-15-48-44    going sleep : 1
19-12-2012-15-48-45    going sleep : 1
19-12-2012-15-48-46    going sleep : 1
19-12-2012-15-48-47    going sleep : 1
19-12-2012-15-48-48    going sleep : 1
19-12-2012-15-48-49    going sleep : 1
19-12-2012-15-48-50    going sleep : 1
19-12-2012-15-48-51    going sleep : 1
19-12-2012-15-48-52    going sleep : 1
19-12-2012-15-48-54    going sleep : 1
19-12-2012-15-48-55    going sleep : 1
19-12-2012-15-48-56    going sleep : 1
19-12-2012-15-48-57    going sleep : 1
19-12-2012-15-48-58    going sleep : 1
19-12-2012-15-48-59    going sleep : 1
19-12-2012-15-49-00    going sleep : 1
19-12-2012-15-49-01    going sleep : 1
19-12-2012-15-49-03    going sleep : 1
19-12-2012-15-49-04    going sleep : 1
19-12-2012-15-49-05    going sleep : 1
19-12-2012-15-49-06    going sleep : 1
19-12-2012-15-49-07    going sleep : 1
19-12-2012-15-49-08    going sleep : 1
19-12-2012-15-49-09    going sleep : 1
19-12-2012-15-49-10    going sleep : 1
19-12-2012-15-49-11    going sleep : 1
19-12-2012-15-49-12    going sleep : 1
19-12-2012-15-49-14    going sleep : 1
19-12-2012-15-49-15    going sleep : 1
19-12-2012-15-49-16    going sleep : 1
19-12-2012-15-49-17    going sleep : 1
19-12-2012-15-49-18    going sleep : 1
19-12-2012-15-49-19    going sleep : 1
19-12-2012-15-49-20    going sleep : 1
19-12-2012-15-49-21    going sleep : 1
19-12-2012-15-49-22    going sleep : 1
19-12-2012-15-49-23    going sleep : 1
19-12-2012-15-49-24    going sleep : 1
19-12-2012-15-49-25    going sleep : 1
19-12-2012-15-49-26    going sleep : 1
19-12-2012-15-49-28    going sleep : 1
19-12-2012-15-49-29    going sleep : 1
19-12-2012-15-49-30    going sleep : 1
19-12-2012-15-49-31    going sleep : 1
19-12-2012-15-49-32    going sleep : 1
19-12-2012-15-49-33    going sleep : 1
19-12-2012-15-49-34    going sleep : 1
19-12-2012-15-49-35    going sleep : 1
19-12-2012-15-49-37    going sleep : 1
19-12-2012-15-49-38    going sleep : 1
19-12-2012-15-49-39    going sleep : 1
19-12-2012-15-49-40    going sleep : 1
19-12-2012-15-49-41    going sleep : 1
19-12-2012-15-49-42    going sleep : 1
19-12-2012-15-49-43    going sleep : 1
19-12-2012-15-49-44    going sleep : 1
19-12-2012-15-49-45    going sleep : 1
19-12-2012-15-49-46    going sleep : 1
19-12-2012-15-49-47    going sleep : 1
19-12-2012-15-49-49    going sleep : 1
19-12-2012-15-49-50    going sleep : 1
19-12-2012-15-49-51    going sleep : 1
19-12-2012-15-49-52    going sleep : 1
19-12-2012-15-49-53    going sleep : 1
19-12-2012-15-49-54    going sleep : 1
19-12-2012-15-49-56    going sleep : 1
19-12-2012-15-49-57    going sleep : 1
19-12-2012-15-49-58    going sleep : 1
19-12-2012-15-49-59    going sleep : 1
19-12-2012-15-50-00    going sleep : 1
19-12-2012-15-50-01    going sleep : 1
19-12-2012-15-50-02    going sleep : 1
19-12-2012-15-50-03    going sleep : 1
19-12-2012-15-50-04    going sleep : 1
19-12-2012-15-50-06    going sleep : 1
19-12-2012-15-50-07    going sleep : 1
19-12-2012-15-50-08    going sleep : 1
19-12-2012-15-50-09    going sleep : 1
19-12-2012-15-50-10    going sleep : 1
19-12-2012-15-50-11    going sleep : 1
19-12-2012-15-50-12    going sleep : 1
19-12-2012-15-50-13    going sleep : 1
19-12-2012-15-50-14    going sleep : 1
19-12-2012-15-50-15    going sleep : 1
19-12-2012-15-50-16    going sleep : 1
19-12-2012-15-50-17    going sleep : 1
19-12-2012-15-50-19    going sleep : 1
19-12-2012-15-50-20    going sleep : 1
19-12-2012-15-50-21    going sleep : 1
19-12-2012-15-50-22    going sleep : 1
19-12-2012-15-50-23    going sleep : 1
19-12-2012-15-50-24    going sleep : 1
19-12-2012-15-50-26    going sleep : 1
19-12-2012-15-50-27    going sleep : 1
19-12-2012-15-50-28    going sleep : 1
19-12-2012-15-50-29    going sleep : 1
19-12-2012-15-50-30    going sleep : 1
19-12-2012-15-50-31    going sleep : 1
19-12-2012-15-50-32    going sleep : 1
19-12-2012-15-50-33    going sleep : 1
19-12-2012-15-50-34    going sleep : 1
19-12-2012-15-50-35    going sleep : 1
19-12-2012-15-50-36    going sleep : 1
19-12-2012-15-50-37    going sleep : 1
19-12-2012-15-50-38    going sleep : 1
19-12-2012-15-50-40    going sleep : 1
19-12-2012-15-50-41    going sleep : 1
19-12-2012-15-50-42    going sleep : 1
19-12-2012-15-50-43    going sleep : 1
19-12-2012-15-50-44    going sleep : 1
19-12-2012-15-50-45    going sleep : 1
19-12-2012-15-50-46    going sleep : 1
19-12-2012-15-50-47    going sleep : 1
19-12-2012-15-50-48    going sleep : 1
19-12-2012-15-50-49    going sleep : 1
19-12-2012-15-50-51    going sleep : 1
19-12-2012-15-50-52    going sleep : 1
19-12-2012-15-50-53    going sleep : 1
19-12-2012-15-50-54    going sleep : 1
19-12-2012-15-50-55    going sleep : 1
19-12-2012-15-50-56    going sleep : 1
19-12-2012-15-50-57    going sleep : 1
19-12-2012-15-50-59    going sleep : 1
19-12-2012-15-51-00    going sleep : 1
19-12-2012-15-51-01    going sleep : 1
19-12-2012-15-51-02    going sleep : 1
19-12-2012-15-51-03    going sleep : 1
19-12-2012-15-51-04    going sleep : 1
19-12-2012-15-51-05    going sleep : 1
19-12-2012-15-51-06    going sleep : 1
19-12-2012-15-51-07    going sleep : 1
19-12-2012-15-51-08    going sleep : 1
19-12-2012-15-51-09    going sleep : 1
19-12-2012-15-51-10    going sleep : 1
19-12-2012-15-51-11    going sleep : 1
19-12-2012-15-51-12    going sleep : 1
19-12-2012-15-51-14    going sleep : 1
19-12-2012-15-51-15    going sleep : 1
19-12-2012-15-51-16    going sleep : 1
19-12-2012-15-51-17    going sleep : 1
19-12-2012-15-51-18    going sleep : 1
19-12-2012-15-51-19    going sleep : 1
19-12-2012-15-51-20    going sleep : 1
19-12-2012-15-51-21    going sleep : 1
19-12-2012-15-51-22    going sleep : 1
19-12-2012-15-51-23    going sleep : 1
19-12-2012-15-51-24    going sleep : 1
19-12-2012-15-51-26    going sleep : 1
19-12-2012-15-51-27    going sleep : 1
19-12-2012-15-51-28    going sleep : 1
19-12-2012-15-51-29    going sleep : 1
19-12-2012-15-51-30    going sleep : 1
19-12-2012-15-51-31    going sleep : 1
19-12-2012-15-51-32    going sleep : 1
19-12-2012-15-51-33    going sleep : 1
19-12-2012-15-51-35    going sleep : 1
19-12-2012-15-51-36    going sleep : 1
19-12-2012-15-51-37    going sleep : 1
19-12-2012-15-51-38    going sleep : 1
19-12-2012-15-51-39    going sleep : 1
19-12-2012-15-51-40    going sleep : 1
19-12-2012-15-51-41    going sleep : 1
19-12-2012-15-51-42    going sleep : 1
19-12-2012-15-51-43    going sleep : 1
19-12-2012-15-51-44    going sleep : 1
19-12-2012-15-51-45    going sleep : 1
19-12-2012-15-51-46    process to monitor stopped
19-12-2012-15-51-46    wrote ending of output files
19-12-2012-15-51-46    -----------------------------
19-12-2012-15-51-46    -----------------------------
